TN:
SF:src/mod/mochila.ts
FN:10,<instance_members_initializer>
FN:15,procesar
FN:36,afterInitCapacidad
FN:37,afterInitNumElementos
FNF:4
FNH:4
FNDA:2,<instance_members_initializer>
FNDA:2,procesar
FNDA:1,afterInitCapacidad
FNDA:1,afterInitNumElementos
DA:1,1
DA:2,1
DA:3,1
DA:4,1
DA:5,1
DA:6,1
DA:7,1
DA:8,1
DA:9,1
DA:10,1
DA:11,2
DA:12,2
DA:13,2
DA:14,2
DA:15,2
DA:16,2
DA:17,2
DA:18,2
DA:19,2
DA:20,2
DA:21,2
DA:22,2
DA:23,2
DA:24,2
DA:25,2
DA:26,2
DA:27,2
DA:28,2
DA:29,2
DA:30,2
DA:31,2
DA:32,2
DA:33,2
DA:34,2
DA:35,2
DA:36,2
DA:37,2
DA:38,2
LF:38
LH:38
BRDA:10,0,0,2
BRDA:15,1,0,2
BRDA:24,2,0,10
BRDA:25,3,0,10
BRDA:36,4,0,1
BRDA:37,5,0,1
BRF:6
BRH:6
end_of_record
TN:
SF:src/mod/mochilacsv.ts
FN:15,initCapacidad
FN:21,initElementos
FN:34,initNumElementos
FN:38,afterInitNumElementos
FNF:4
FNH:4
FNDA:1,initCapacidad
FNDA:1,initElementos
FNDA:1,initNumElementos
FNDA:1,afterInitNumElementos
DA:1,1
DA:2,1
DA:3,1
DA:4,1
DA:5,1
DA:6,1
DA:7,1
DA:8,1
DA:9,1
DA:10,1
DA:11,1
DA:12,1
DA:13,1
DA:14,1
DA:15,1
DA:16,1
DA:17,1
DA:18,1
DA:19,1
DA:20,1
DA:21,1
DA:22,1
DA:23,1
DA:24,1
DA:25,5
DA:26,5
DA:27,5
DA:28,5
DA:29,5
DA:30,5
DA:31,5
DA:32,1
DA:33,1
DA:34,1
DA:35,1
DA:36,1
DA:37,1
DA:38,1
DA:39,1
DA:40,1
DA:41,1
LF:41
LH:41
BRDA:15,0,0,1
BRDA:21,1,0,1
BRDA:24,2,0,5
BRDA:34,3,0,1
BRDA:38,4,0,1
BRF:5
BRH:5
end_of_record
TN:
SF:src/mod/mochilajson.ts
FN:9,initCapacidad
FN:15,initElementos
FN:21,initNumElementos
FN:25,afterInitCapacidad
FNF:4
FNH:4
FNDA:1,initCapacidad
FNDA:1,initElementos
FNDA:1,initNumElementos
FNDA:1,afterInitCapacidad
DA:1,1
DA:2,1
DA:3,1
DA:4,1
DA:5,1
DA:6,1
DA:7,1
DA:8,1
DA:9,1
DA:10,1
DA:11,1
DA:12,1
DA:13,1
DA:14,1
DA:15,1
DA:16,1
DA:17,1
DA:18,1
DA:19,1
DA:20,1
DA:21,1
DA:22,1
DA:23,1
DA:24,1
DA:25,1
DA:26,1
DA:27,1
DA:28,1
LF:28
LH:28
BRDA:9,0,0,1
BRDA:15,1,0,1
BRDA:21,2,0,1
BRDA:25,3,0,1
BRF:4
BRH:4
end_of_record
